<?xml version="1.0" encoding="UTF-8"?>
<!-- Generated by org.testng.reporters.JUnitXMLReporter -->
<testsuite hostname="goforit-PC" name="Default test" tests="3" failures="0" timestamp="12 May 2016 06:05:40 GMT" time="0.058" errors="0">
  <testcase name="testMap" time="0.036" classname="test.test.TestTest"/>
  <testcase name="testRandomInt" time="0.002" classname="test.test.TestTest"/>
  <testcase name="testoperator" time="0.001" classname="test.test.TestTest"/>
</testsuite> <!-- Default test -->
