<?xml version="1.0" encoding="UTF-8"?>
<testng-results skipped="0" failed="0" total="1" passed="1">
  <reporter-output>
  </reporter-output>
  <suite name="Suite1" duration-ms="28" started-at="2016-05-12T10:07:44Z" finished-at="2016-05-12T10:07:44Z">
    <groups>
    </groups>
    <test name="test12" duration-ms="28" started-at="2016-05-12T10:07:44Z" finished-at="2016-05-12T10:07:44Z">
      <class name="test.test.TestTest">
        <test-method status="PASS" signature="testBeforeMethod()[pri:0, instance:test.test.TestTest@1927433e]" name="testBeforeMethod" is-config="true" duration-ms="8" started-at="2016-05-12T18:07:44Z" finished-at="2016-05-12T18:07:44Z">
          <reporter-output>
          </reporter-output>
        </test-method> <!-- testBeforeMethod -->
        <test-method status="PASS" signature="testMapModify(java.lang.String)[pri:0, instance:test.test.TestTest@1927433e]" name="testMapModify" duration-ms="4" started-at="2016-05-12T18:07:44Z" finished-at="2016-05-12T18:07:44Z">
          <params>
            <param index="0">
              <value>
                <![CDATA[1]]>
              </value>
            </param>
          </params>
          <reporter-output>
          </reporter-output>
        </test-method> <!-- testMapModify -->
      </class> <!-- test.test.TestTest -->
    </test> <!-- test12 -->
  </suite> <!-- Suite1 -->
</testng-results>
